<?xml version="1.0" encoding="UTF-8"?>
<!-- Generated by org.testng.reporters.JUnitXMLReporter -->
<testsuite hostname="LAPTOP-CTRLAISOFTWARE" ignored="0" name="Test" tests="5" failures="0" timestamp="2022-08-28T10:40:55 IST" time="35.558" errors="0">
  <testcase name="Login" time="3.19" classname="pkg_mavenTestNg.SaucelabsAutomationTestNGTest"/>
  <testcase name="checkout" time="1.307" classname="pkg_mavenTestNg.SaucelabsAutomationTestNGTest"/>
  <testcase name="CustormerDetails" time="2.168" classname="pkg_mavenTestNg.SaucelabsAutomationTestNGTest"/>
  <testcase name="Logout" time="5.597" classname="pkg_mavenTestNg.SaucelabsAutomationTestNGTest"/>
  <testcase name="uipathRegistration" time="12.213" classname="pkg_mavenTestNg.UipathRegistrationTestNGTest"/>
</testsuite> <!-- Test -->
