<?xml version="1.0" encoding="UTF-8"?>
<!-- Generated by org.testng.reporters.JUnitXMLReporter -->
<testsuite hostname="LAPTOP-CTRLAISOFTWARE" name="Test" tests="5" failures="0" timestamp="16 Apr 2022 03:12:56 GMT" time="40.721" errors="0">
  <testcase name="Login" time="25.408" classname="pkg_mavenTestNg.SaucelabsAutomationTestNGTest"/>
  <testcase name="checkout" time="1.265" classname="pkg_mavenTestNg.SaucelabsAutomationTestNGTest"/>
  <testcase name="CustormerDetails" time="1.481" classname="pkg_mavenTestNg.SaucelabsAutomationTestNGTest"/>
  <testcase name="uipathRegistration" time="31.957" classname="pkg_mavenTestNg.UipathRegistrationTestNGTest"/>
  <testcase name="Logout" time="5.559" classname="pkg_mavenTestNg.SaucelabsAutomationTestNGTest"/>
</testsuite> <!-- Test -->
