<?xml version="1.0" encoding="UTF-8"?>
<!-- Generated by org.testng.reporters.JUnitXMLReporter -->
<testsuite hostname="LAPTOP-CTRLAISOFTWARE" name="Default test" tests="4" failures="0" timestamp="6 Apr 2022 01:58:34 GMT" time="37.462" errors="0">
  <testcase name="Login" time="24.987" classname="pkg_mavenTestNg.SaucelabsAutomationTestNGTest"/>
  <testcase name="checkout" time="0.805" classname="pkg_mavenTestNg.SaucelabsAutomationTestNGTest"/>
  <testcase name="CustormerDetails" time="1.333" classname="pkg_mavenTestNg.SaucelabsAutomationTestNGTest"/>
  <testcase name="Logout" time="5.42" classname="pkg_mavenTestNg.SaucelabsAutomationTestNGTest"/>
</testsuite> <!-- Default test -->
